<?xml version="1.0" encoding="UTF-8"?>
<!-- Generated by org.testng.reporters.JUnitXMLReporter -->
<testsuite ignored="1" hostname="Bahaa" failures="0" tests="1" name="Default test" time="68.587" errors="0" timestamp="2025-04-22T06:30:44 EET">
  <testcase classname="Tests.CartTests" name="verifyItemRemovalFlow" time="62.962"/>
  <testcase classname="Tests.CartTests" name="verifyItemAdditionAndCartNavigation" time="0.0">
    <ignored/>
  </testcase> <!-- verifyItemAdditionAndCartNavigation -->
</testsuite> <!-- Default test -->
