<?xml version="1.0" encoding="UTF-8"?>
<!-- Generated by org.testng.reporters.JUnitXMLReporter -->
<testsuite ignored="3" hostname="Bahaa" failures="0" tests="1" name="Default test" time="11.355" errors="0" timestamp="2025-04-23T20:34:28 EET">
  <testcase classname="Tests.CartTests" name="verifyContinueShoppingAfterItemRemoval" time="3.402"/>
  <testcase classname="Tests.CartTests" name="verifyItemAdditionAndCartAndContinueShopping" time="0.0">
    <ignored/>
  </testcase> <!-- verifyItemAdditionAndCartAndContinueShopping -->
  <testcase classname="Tests.CartTests" name="verifyInvalidCheckoutAfterItemRemoval" time="0.0">
    <ignored/>
  </testcase> <!-- verifyInvalidCheckoutAfterItemRemoval -->
  <testcase classname="Tests.CartTests" name="verifyItemRemovalFlow" time="0.0">
    <ignored/>
  </testcase> <!-- verifyItemRemovalFlow -->
</testsuite> <!-- Default test -->
