<?xml version="1.0" encoding="UTF-8"?>
<testng-results ignored="0" total="1" passed="1" failed="0" skipped="0">
  <reporter-output>
  </reporter-output>
  <suite started-at="2025-04-22T16:21:14 EET" name="Default suite" finished-at="2025-04-22T16:21:22 EET" duration-ms="7824">
    <groups>
    </groups>
    <test started-at="2025-04-22T16:21:14 EET" name="Default test" finished-at="2025-04-22T16:21:22 EET" duration-ms="7824">
      <class name="Tests.CartTests">
        <test-method is-config="true" signature="openBrowser()[pri:0, instance:Tests.CartTests@2eea88a1]" started-at="2025-04-22T16:21:14 EET" name="openBrowser" finished-at="2025-04-22T16:21:17 EET" duration-ms="3015" status="PASS">
          <reporter-output>
          </reporter-output>
        </test-method> <!-- openBrowser -->
        <test-method is-config="true" signature="setUpTest()[pri:0, instance:Tests.CartTests@2eea88a1]" started-at="2025-04-22T16:21:17 EET" name="setUpTest" finished-at="2025-04-22T16:21:19 EET" duration-ms="1553" status="PASS">
          <reporter-output>
          </reporter-output>
        </test-method> <!-- setUpTest -->
        <test-method signature="verifyItemRemovalFlow()[pri:0, instance:Tests.CartTests@2eea88a1]" started-at="2025-04-22T16:21:19 EET" name="verifyItemRemovalFlow" finished-at="2025-04-22T16:21:22 EET" duration-ms="2897" status="PASS">
          <reporter-output>
          </reporter-output>
        </test-method> <!-- verifyItemRemovalFlow -->
        <test-method is-config="true" signature="closeBrowser()[pri:0, instance:Tests.CartTests@2eea88a1]" started-at="2025-04-22T16:21:22 EET" name="closeBrowser" finished-at="2025-04-22T16:21:22 EET" duration-ms="207" status="PASS">
          <reporter-output>
          </reporter-output>
        </test-method> <!-- closeBrowser -->
      </class> <!-- Tests.CartTests -->
    </test> <!-- Default test -->
  </suite> <!-- Default suite -->
</testng-results>
