<?xml version="1.0" encoding="UTF-8"?>
<testng-results ignored="0" total="1" passed="1" failed="0" skipped="0">
  <reporter-output>
  </reporter-output>
  <suite started-at="2025-04-22T01:35:40 EET" name="Default suite" finished-at="2025-04-22T01:35:47 EET" duration-ms="6884">
    <groups>
    </groups>
    <test started-at="2025-04-22T01:35:40 EET" name="Default test" finished-at="2025-04-22T01:35:47 EET" duration-ms="6884">
      <class name="Tests.ProductTest">
        <test-method is-config="true" signature="openBrowser()[pri:0, instance:Tests.ProductTest@163370c2]" started-at="2025-04-22T01:35:40 EET" name="openBrowser" finished-at="2025-04-22T01:35:44 EET" duration-ms="3497" status="PASS">
          <reporter-output>
          </reporter-output>
        </test-method> <!-- openBrowser -->
        <test-method is-config="true" signature="setUp()[pri:0, instance:Tests.ProductTest@163370c2]" started-at="2025-04-22T01:35:44 EET" name="setUp" finished-at="2025-04-22T01:35:45 EET" duration-ms="1614" status="PASS">
          <reporter-output>
          </reporter-output>
        </test-method> <!-- setUp -->
        <test-method signature="testAddAndRemoveItemFromCart()[pri:0, instance:Tests.ProductTest@163370c2]" started-at="2025-04-22T01:35:45 EET" name="testAddAndRemoveItemFromCart" finished-at="2025-04-22T01:35:47 EET" duration-ms="1403" status="PASS">
          <reporter-output>
          </reporter-output>
        </test-method> <!-- testAddAndRemoveItemFromCart -->
        <test-method is-config="true" signature="closeBrowser()[pri:0, instance:Tests.ProductTest@163370c2]" started-at="2025-04-22T01:35:47 EET" name="closeBrowser" finished-at="2025-04-22T01:35:47 EET" duration-ms="209" status="PASS">
          <reporter-output>
          </reporter-output>
        </test-method> <!-- closeBrowser -->
      </class> <!-- Tests.ProductTest -->
    </test> <!-- Default test -->
  </suite> <!-- Default suite -->
</testng-results>
